{"target": 0.575, "params": {"decay": 0.03807947176588889, "kernelSize": 4.901428612819832, "layersPerLevel": 4.195981825434215, "lr": 0.06026718993550663, "lr_ratio": 0.22481491235394924, "nFeat": 5.0279287643706345, "nLevels": 3.116167224336399}, "datetime": {"datetime": "2024-05-08 09:42:30", "elapsed": 0.0, "delta": 0.0}}
{"target": 0.766, "params": {"decay": 0.08675143843171859, "kernelSize": 4.202230023486417, "layersPerLevel": 4.124217733388137, "lr": 0.0030378649352844423, "lr_ratio": 0.8759278817295955, "nFeat": 13.821754330405483, "nLevels": 3.4246782213565523}, "datetime": {"datetime": "2024-05-08 09:45:46", "elapsed": 195.905976, "delta": 195.905976}}
{"target": 0.589, "params": {"decay": 0.01900067175350296, "kernelSize": 3.3668090197068676, "layersPerLevel": 2.912726728878613, "lr": 0.05295088673159155, "lr_ratio": 0.4455560149136927, "nFeat": 6.785978822574545, "nLevels": 4.223705789444759}, "datetime": {"datetime": "2024-05-08 09:46:56", "elapsed": 266.568474, "delta": 70.662498}}
{"target": 0.522, "params": {"decay": 0.01480989220455214, "kernelSize": 3.5842892970704363, "layersPerLevel": 3.099085529881075, "lr": 0.04615092843748656, "lr_ratio": 0.728140769114411, "nFeat": 5.5957591680586765, "nLevels": 4.028468876827223}, "datetime": {"datetime": "2024-05-08 09:48:20", "elapsed": 350.730903, "delta": 84.162429}}
{"target": 0.558, "params": {"decay": 0.05964904231734221, "kernelSize": 3.0929008254399957, "layersPerLevel": 3.8226345557043153, "lr": 0.017881888245041864, "lr_ratio": 0.15204127438822362, "nFeat": 15.335511984293332, "nLevels": 4.931264066149119}, "datetime": {"datetime": "2024-05-08 09:51:47", "elapsed": 557.180072, "delta": 206.449169}}
{"target": 0.408, "params": {"decay": 0.08103133746352965, "kernelSize": 3.609227538346741, "layersPerLevel": 2.2930163420191514, "lr": 0.06873906962470354, "lr_ratio": 0.45212199499168104, "nFeat": 4.586497052982125, "nLevels": 3.9903538202225404}, "datetime": {"datetime": "2024-05-08 09:52:44", "elapsed": 614.27321, "delta": 57.093138}}
{"target": 0.813, "params": {"decay": 0.004404463590406622, "kernelSize": 4.818640804157564, "layersPerLevel": 2.7763399448000508, "lr": 0.06658970615104422, "lr_ratio": 0.34936886087152874, "nFeat": 9.76088427531154, "nLevels": 4.093420558686559}, "datetime": {"datetime": "2024-05-08 09:54:56", "elapsed": 746.144731, "delta": 131.871521}}
{"target": 0.482, "params": {"decay": 0.01930059109702718, "kernelSize": 4.939169255529118, "layersPerLevel": 4.325398470083344, "lr": 0.09401039521485473, "lr_ratio": 0.815861880342119, "nFeat": 10.772699724544108, "nLevels": 4.843748470046234}, "datetime": {"datetime": "2024-05-08 09:58:32", "elapsed": 962.794062, "delta": 216.649331}}
{"target": 0.903, "params": {"decay": 0.001, "kernelSize": 4.756538709652644, "layersPerLevel": 2.229753737793213, "lr": 0.056525957243051816, "lr_ratio": 0.1844921624722256, "nFeat": 9.38318362779287, "nLevels": 3.8277624233074117}, "datetime": {"datetime": "2024-05-08 10:00:20", "elapsed": 1070.398633, "delta": 107.604571}}
{"target": 0.871, "params": {"decay": 0.001, "kernelSize": 5.0, "layersPerLevel": 2.0, "lr": 0.1, "lr_ratio": 0.1, "nFeat": 8.884317449597486, "nLevels": 4.602616483034407}, "datetime": {"datetime": "2024-05-08 10:03:25", "elapsed": 1254.945713, "delta": 105.368055}}
{"target": 0.882, "params": {"decay": 0.001, "kernelSize": 5.0, "layersPerLevel": 2.652534727036873, "lr": 0.1, "lr_ratio": 0.1, "nFeat": 8.392609850283419, "nLevels": 3.378754486451228}, "datetime": {"datetime": "2024-05-08 10:04:47", "elapsed": 1336.980154, "delta": 82.034441}}
{"target": 0.891, "params": {"decay": 0.1, "kernelSize": 5.0, "layersPerLevel": 2.0, "lr": 0.001, "lr_ratio": 0.9, "nFeat": 8.727667933513322, "nLevels": 3.5914253364776116}, "datetime": {"datetime": "2024-05-08 10:06:10", "elapsed": 1420.289315, "delta": 83.309161}}
{"target": 0.348, "params": {"decay": 0.1, "kernelSize": 3.0, "layersPerLevel": 5.0, "lr": 0.1, "lr_ratio": 0.9, "nFeat": 14.843437990511358, "nLevels": 3.0}, "datetime": {"datetime": "2024-05-08 10:19:58", "elapsed": 2248.270162, "delta": 286.524776}}
{"target": 0.768, "params": {"decay": 0.09482722258126153, "kernelSize": 4.837537920115958, "layersPerLevel": 4.875268345485251, "lr": 0.008419496025886802, "lr_ratio": 0.24107205698411305, "nFeat": 12.59761663839153, "nLevels": 3.041327837512198}, "datetime": {"datetime": "2024-05-08 10:22:53", "elapsed": 2422.913532, "delta": 174.64337}}
{"target": 0.881, "params": {"decay": 0.1, "kernelSize": 3.0, "layersPerLevel": 5.0, "lr": 0.001, "lr_ratio": 0.9, "nFeat": 11.440109478478746, "nLevels": 3.0}, "datetime": {"datetime": "2024-05-08 10:25:09", "elapsed": 2559.595984, "delta": 136.682452}}
{"target": 0.87, "params": {"decay": 0.1, "kernelSize": 3.0, "layersPerLevel": 3.626630762153238, "lr": 0.001, "lr_ratio": 0.1, "nFeat": 12.152128006625079, "nLevels": 3.0}, "datetime": {"datetime": "2024-05-08 10:26:48", "elapsed": 2658.014063, "delta": 98.418079}}
{"target": 0.771, "params": {"decay": 0.1, "kernelSize": 3.0, "layersPerLevel": 5.0, "lr": 0.001, "lr_ratio": 0.1, "nFeat": 9.380105816224745, "nLevels": 3.0}, "datetime": {"datetime": "2024-05-08 10:29:01", "elapsed": 2790.936394, "delta": 132.922331}}
{"target": 0.365, "params": {"decay": 0.07080673736308422, "kernelSize": 3.0394127028196998, "layersPerLevel": 4.046939404963714, "lr": 0.055077138224699305, "lr_ratio": 0.40532785726973664, "nFeat": 12.423440272457357, "nLevels": 4.663256923031298}, "datetime": {"datetime": "2024-05-08 10:32:26", "elapsed": 2996.663744, "delta": 205.72735}}
{"target": 0.898, "params": {"decay": 0.1, "kernelSize": 5.0, "layersPerLevel": 4.4113245779388, "lr": 0.001, "lr_ratio": 0.9, "nFeat": 8.478045083269778, "nLevels": 3.0}, "datetime": {"datetime": "2024-05-08 10:34:32", "elapsed": 3122.124334, "delta": 125.46059}}
{"target": 0.537, "params": {"decay": 0.1, "kernelSize": 5.0, "layersPerLevel": 5.0, "lr": 0.001, "lr_ratio": 0.9, "nFeat": 7.709612857618524, "nLevels": 4.4964262398156185}, "datetime": {"datetime": "2024-05-08 10:37:33", "elapsed": 3303.263677, "delta": 181.139343}}
{"target": 0.733, "params": {"decay": 0.1, "kernelSize": 5.0, "layersPerLevel": 4.149132374280154, "lr": 0.001, "lr_ratio": 0.1, "nFeat": 9.544634480543756, "nLevels": 3.0}, "datetime": {"datetime": "2024-05-08 10:40:25", "elapsed": 3474.886506, "delta": 171.622829}}
{"target": 0.357, "params": {"decay": 0.1, "kernelSize": 3.948426399126972, "layersPerLevel": 3.4418102239010935, "lr": 0.1, "lr_ratio": 0.9, "nFeat": 8.533920373350215, "nLevels": 3.0}, "datetime": {"datetime": "2024-05-08 10:41:55", "elapsed": 3565.731207, "delta": 90.844701}}
{"target": 0.789, "params": {"decay": 0.1, "kernelSize": 3.6428721433662514, "layersPerLevel": 4.347347763466414, "lr": 0.001, "lr_ratio": 0.9, "nFeat": 12.248972082496707, "nLevels": 3.0}, "datetime": {"datetime": "2024-05-08 10:43:56", "elapsed": 3686.630181, "delta": 120.898974}}
{"target": 0.394, "params": {"decay": 0.001, "kernelSize": 3.0, "layersPerLevel": 4.355886872962233, "lr": 0.001, "lr_ratio": 0.1, "nFeat": 11.059877509403753, "nLevels": 3.0}, "datetime": {"datetime": "2024-05-08 10:45:54", "elapsed": 3804.158306, "delta": 117.528125}}
{"target": 0.909, "params": {"decay": 0.1, "kernelSize": 5.0, "layersPerLevel": 2.0, "lr": 0.001, "lr_ratio": 0.1, "nFeat": 8.605234152631205, "nLevels": 3.7963385964549037}, "datetime": {"datetime": "2024-05-08 10:47:18", "elapsed": 3888.27412, "delta": 84.115814}}
{"target": 0.711, "params": {"decay": 0.001, "kernelSize": 5.0, "layersPerLevel": 2.655995600182806, "lr": 0.001, "lr_ratio": 0.5354112656111292, "nFeat": 8.732000438240481, "nLevels": 4.145393021036202}, "datetime": {"datetime": "2024-05-08 10:48:59", "elapsed": 3989.735219, "delta": 101.461099}}
{"target": 0.768, "params": {"decay": 0.001, "kernelSize": 5.0, "layersPerLevel": 2.0, "lr": 0.1, "lr_ratio": 0.23016310380453925, "nFeat": 8.953178647276061, "nLevels": 3.0526003513677082}, "datetime": {"datetime": "2024-05-08 10:50:23", "elapsed": 4073.1345, "delta": 83.399281}}
{"target": 0.225, "params": {"decay": 0.1, "kernelSize": 5.0, "layersPerLevel": 2.0, "lr": 0.1, "lr_ratio": 0.7904550893270846, "nFeat": 9.511970039233553, "nLevels": 4.175039267115261}, "datetime": {"datetime": "2024-05-08 10:55:28", "elapsed": 4378.405792, "delta": 305.271292}}
{"target": 0.911, "params": {"decay": 0.058032476611574485, "kernelSize": 4.052478729438609, "layersPerLevel": 3.4423766758699026, "lr": 0.002132814476577171, "lr_ratio": 0.4875402239925086, "nFeat": 9.549161872864335, "nLevels": 3.0593686299768645}, "datetime": {"datetime": "2024-05-08 10:57:48", "elapsed": 4518.27132, "delta": 139.865528}}
